<?xml version="1.0" encoding="UTF-8"?>
<testsuite name="com.example.billing.BillingApplicationTests" tests="1" skipped="1" failures="0" errors="0" timestamp="2018-07-13T09:54:07" hostname="MACPC270883.local" time="0.0">
  <properties/>
  <testcase name="contextLoads" classname="com.example.billing.BillingApplicationTests" time="0.0">
    <skipped/>
  </testcase>
  <system-out><![CDATA[15:24:07.356 [Test worker] DEBUG org.springframework.test.context.junit4.SpringJUnit4ClassRunner - SpringJUnit4ClassRunner constructor called with [class com.example.billing.BillingApplicationTests]
15:24:07.362 [Test worker] DEBUG org.springframework.test.context.BootstrapUtils - Instantiating CacheAwareContextLoaderDelegate from class [org.springframework.test.context.cache.DefaultCacheAwareContextLoaderDelegate]
15:24:07.370 [Test worker] DEBUG org.springframework.test.context.BootstrapUtils - Instantiating BootstrapContext using constructor [public org.springframework.test.context.support.DefaultBootstrapContext(java.lang.Class,org.springframework.test.context.CacheAwareContextLoaderDelegate)]
15:24:07.383 [Test worker] DEBUG org.springframework.test.context.BootstrapUtils - Instantiating TestContextBootstrapper for test class [com.example.billing.BillingApplicationTests] from class [org.springframework.boot.test.context.SpringBootTestContextBootstrapper]
15:24:07.395 [Test worker] INFO org.springframework.boot.test.context.SpringBootTestContextBootstrapper - Neither @ContextConfiguration nor @ContextHierarchy found for test class [com.example.billing.BillingApplicationTests], using SpringBootContextLoader
15:24:07.398 [Test worker] DEBUG org.springframework.test.context.support.AbstractContextLoader - Did not detect default resource location for test class [com.example.billing.BillingApplicationTests]: class path resource [com/example/billing/BillingApplicationTests-context.xml] does not exist
15:24:07.399 [Test worker] DEBUG org.springframework.test.context.support.AbstractContextLoader - Did not detect default resource location for test class [com.example.billing.BillingApplicationTests]: class path resource [com/example/billing/BillingApplicationTestsContext.groovy] does not exist
15:24:07.399 [Test worker] INFO org.springframework.test.context.support.AbstractContextLoader - Could not detect default resource locations for test class [com.example.billing.BillingApplicationTests]: no resource found for suffixes {-context.xml, Context.groovy}.
15:24:07.400 [Test worker] INFO org.springframework.test.context.support.AnnotationConfigContextLoaderUtils - Could not detect default configuration classes for test class [com.example.billing.BillingApplicationTests]: BillingApplicationTests does not declare any static, non-private, non-final, nested classes annotated with @Configuration.
15:24:07.440 [Test worker] DEBUG org.springframework.test.context.support.ActiveProfilesUtils - Could not find an 'annotation declaring class' for annotation type [org.springframework.test.context.ActiveProfiles] and class [com.example.billing.BillingApplicationTests]
15:24:07.483 [Test worker] DEBUG org.springframework.core.env.StandardEnvironment - Adding [systemProperties] PropertySource with lowest search precedence
15:24:07.484 [Test worker] DEBUG org.springframework.core.env.StandardEnvironment - Adding [systemEnvironment] PropertySource with lowest search precedence
15:24:07.484 [Test worker] DEBUG org.springframework.core.env.StandardEnvironment - Initialized StandardEnvironment with PropertySources [systemProperties,systemEnvironment]
15:24:07.496 [Test worker] DEBUG org.springframework.core.io.support.PathMatchingResourcePatternResolver - Resolved classpath location [com/example/billing/] to resources [URL [file:/Users/maclab/workspace/apps-cloud-native-evolution-code/applications/billing/build/classes/test/com/example/billing/], URL [file:/Users/maclab/workspace/apps-cloud-native-evolution-code/applications/billing/build/classes/main/com/example/billing/]]
15:24:07.497 [Test worker] DEBUG org.springframework.core.io.support.PathMatchingResourcePatternResolver - Looking for matching resources in directory tree [/Users/maclab/workspace/apps-cloud-native-evolution-code/applications/billing/build/classes/test/com/example/billing]
15:24:07.497 [Test worker] DEBUG org.springframework.core.io.support.PathMatchingResourcePatternResolver - Searching directory [/Users/maclab/workspace/apps-cloud-native-evolution-code/applications/billing/build/classes/test/com/example/billing] for files matching pattern [/Users/maclab/workspace/apps-cloud-native-evolution-code/applications/billing/build/classes/test/com/example/billing/*.class]
15:24:07.501 [Test worker] DEBUG org.springframework.core.io.support.PathMatchingResourcePatternResolver - Looking for matching resources in directory tree [/Users/maclab/workspace/apps-cloud-native-evolution-code/applications/billing/build/classes/main/com/example/billing]
15:24:07.501 [Test worker] DEBUG org.springframework.core.io.support.PathMatchingResourcePatternResolver - Searching directory [/Users/maclab/workspace/apps-cloud-native-evolution-code/applications/billing/build/classes/main/com/example/billing] for files matching pattern [/Users/maclab/workspace/apps-cloud-native-evolution-code/applications/billing/build/classes/main/com/example/billing/*.class]
15:24:07.502 [Test worker] DEBUG org.springframework.core.io.support.PathMatchingResourcePatternResolver - Resolved location pattern [classpath*:com/example/billing/*.class] to resources [file [/Users/maclab/workspace/apps-cloud-native-evolution-code/applications/billing/build/classes/test/com/example/billing/BillingApplicationTests.class], file [/Users/maclab/workspace/apps-cloud-native-evolution-code/applications/billing/build/classes/main/com/example/billing/BillingApplication.class], file [/Users/maclab/workspace/apps-cloud-native-evolution-code/applications/billing/build/classes/main/com/example/billing/BillingController.class]]
15:24:07.560 [Test worker] DEBUG org.springframework.context.annotation.ClassPathScanningCandidateComponentProvider - Identified candidate component class: file [/Users/maclab/workspace/apps-cloud-native-evolution-code/applications/billing/build/classes/main/com/example/billing/BillingApplication.class]
15:24:07.570 [Test worker] INFO org.springframework.boot.test.context.SpringBootTestContextBootstrapper - Found @SpringBootConfiguration com.example.billing.BillingApplication for test class com.example.billing.BillingApplicationTests
15:24:07.574 [Test worker] DEBUG org.springframework.boot.test.context.SpringBootTestContextBootstrapper - @TestExecutionListeners is not present for class [com.example.billing.BillingApplicationTests]: using defaults.
15:24:07.579 [Test worker] INFO org.springframework.boot.test.context.SpringBootTestContextBootstrapper - Loaded default TestExecutionListener class names from location [META-INF/spring.factories]: [org.springframework.boot.test.mock.mockito.MockitoTestExecutionListener, org.springframework.boot.test.mock.mockito.ResetMocksTestExecutionListener, org.springframework.boot.test.autoconfigure.restdocs.RestDocsTestExecutionListener, org.springframework.boot.test.autoconfigure.web.client.MockRestServiceServerResetTestExecutionListener, org.springframework.boot.test.autoconfigure.web.servlet.MockMvcPrintOnlyOnFailureTestExecutionListener, org.springframework.boot.test.autoconfigure.web.servlet.WebDriverTestExecutionListener, org.springframework.test.context.web.ServletTestExecutionListener, org.springframework.test.context.support.DirtiesContextBeforeModesTestExecutionListener, org.springframework.test.context.support.DependencyInjectionTestExecutionListener, org.springframework.test.context.support.DirtiesContextTestExecutionListener, org.springframework.test.context.transaction.TransactionalTestExecutionListener, org.springframework.test.context.jdbc.SqlScriptsTestExecutionListener]
15:24:07.604 [Test worker] INFO org.springframework.boot.test.context.SpringBootTestContextBootstrapper - Using TestExecutionListeners: [org.springframework.test.context.web.ServletTestExecutionListener@318ff836, org.springframework.test.context.support.DirtiesContextBeforeModesTestExecutionListener@50b78a28, org.springframework.boot.test.autoconfigure.SpringBootDependencyInjectionTestExecutionListener@6323be0c, org.springframework.test.context.support.DirtiesContextTestExecutionListener@53c79ac3, org.springframework.test.context.transaction.TransactionalTestExecutionListener@1dc786c5, org.springframework.test.context.jdbc.SqlScriptsTestExecutionListener@714db99f, org.springframework.boot.test.autoconfigure.restdocs.RestDocsTestExecutionListener@fe0aa64, org.springframework.boot.test.mock.mockito.MockitoTestExecutionListener@601e28d9, org.springframework.boot.test.autoconfigure.web.servlet.MockMvcPrintOnlyOnFailureTestExecutionListener@414e7bb1, org.springframework.boot.test.autoconfigure.web.servlet.WebDriverTestExecutionListener@5d53a346, org.springframework.boot.test.autoconfigure.web.client.MockRestServiceServerResetTestExecutionListener@576a9102, org.springframework.boot.test.mock.mockito.ResetMocksTestExecutionListener@46a333d6]
15:24:07.607 [Test worker] DEBUG org.springframework.test.annotation.ProfileValueUtils - Retrieved @ProfileValueSourceConfiguration [null] for test class [com.example.billing.BillingApplicationTests]
15:24:07.607 [Test worker] DEBUG org.springframework.test.annotation.ProfileValueUtils - Retrieved ProfileValueSource type [class org.springframework.test.annotation.SystemProfileValueSource] for class [com.example.billing.BillingApplicationTests]
15:24:07.609 [Test worker] DEBUG org.springframework.test.annotation.ProfileValueUtils - Retrieved @ProfileValueSourceConfiguration [null] for test class [com.example.billing.BillingApplicationTests]
15:24:07.609 [Test worker] DEBUG org.springframework.test.annotation.ProfileValueUtils - Retrieved ProfileValueSource type [class org.springframework.test.annotation.SystemProfileValueSource] for class [com.example.billing.BillingApplicationTests]
15:24:07.610 [Test worker] DEBUG org.springframework.test.annotation.ProfileValueUtils - Retrieved @ProfileValueSourceConfiguration [null] for test class [com.example.billing.BillingApplicationTests]
15:24:07.610 [Test worker] DEBUG org.springframework.test.annotation.ProfileValueUtils - Retrieved ProfileValueSource type [class org.springframework.test.annotation.SystemProfileValueSource] for class [com.example.billing.BillingApplicationTests]
]]></system-out>
  <system-err><![CDATA[]]></system-err>
</testsuite>
