<?xml version="1.0" encoding="UTF-8"?>
<testsuite name="com.example.billing.BillingApplicationTests" tests="1" skipped="1" failures="0" errors="0" timestamp="2018-07-12T12:44:04" hostname="MACPC270883.local" time="0.001">
  <properties/>
  <testcase name="contextLoads" classname="com.example.billing.BillingApplicationTests" time="0.001">
    <skipped/>
  </testcase>
  <system-out><![CDATA[18:14:03.708 [Test worker] DEBUG org.springframework.test.context.junit4.SpringJUnit4ClassRunner - SpringJUnit4ClassRunner constructor called with [class com.example.billing.BillingApplicationTests]
18:14:03.713 [Test worker] DEBUG org.springframework.test.context.BootstrapUtils - Instantiating CacheAwareContextLoaderDelegate from class [org.springframework.test.context.cache.DefaultCacheAwareContextLoaderDelegate]
18:14:03.720 [Test worker] DEBUG org.springframework.test.context.BootstrapUtils - Instantiating BootstrapContext using constructor [public org.springframework.test.context.support.DefaultBootstrapContext(java.lang.Class,org.springframework.test.context.CacheAwareContextLoaderDelegate)]
18:14:03.738 [Test worker] DEBUG org.springframework.test.context.BootstrapUtils - Instantiating TestContextBootstrapper for test class [com.example.billing.BillingApplicationTests] from class [org.springframework.boot.test.context.SpringBootTestContextBootstrapper]
18:14:03.758 [Test worker] INFO org.springframework.boot.test.context.SpringBootTestContextBootstrapper - Neither @ContextConfiguration nor @ContextHierarchy found for test class [com.example.billing.BillingApplicationTests], using SpringBootContextLoader
18:14:03.764 [Test worker] DEBUG org.springframework.test.context.support.AbstractContextLoader - Did not detect default resource location for test class [com.example.billing.BillingApplicationTests]: class path resource [com/example/billing/BillingApplicationTests-context.xml] does not exist
18:14:03.764 [Test worker] DEBUG org.springframework.test.context.support.AbstractContextLoader - Did not detect default resource location for test class [com.example.billing.BillingApplicationTests]: class path resource [com/example/billing/BillingApplicationTestsContext.groovy] does not exist
18:14:03.764 [Test worker] INFO org.springframework.test.context.support.AbstractContextLoader - Could not detect default resource locations for test class [com.example.billing.BillingApplicationTests]: no resource found for suffixes {-context.xml, Context.groovy}.
18:14:03.772 [Test worker] INFO org.springframework.test.context.support.AnnotationConfigContextLoaderUtils - Could not detect default configuration classes for test class [com.example.billing.BillingApplicationTests]: BillingApplicationTests does not declare any static, non-private, non-final, nested classes annotated with @Configuration.
18:14:03.854 [Test worker] DEBUG org.springframework.test.context.support.ActiveProfilesUtils - Could not find an 'annotation declaring class' for annotation type [org.springframework.test.context.ActiveProfiles] and class [com.example.billing.BillingApplicationTests]
18:14:03.906 [Test worker] DEBUG org.springframework.core.env.StandardEnvironment - Adding [systemProperties] PropertySource with lowest search precedence
18:14:03.907 [Test worker] DEBUG org.springframework.core.env.StandardEnvironment - Adding [systemEnvironment] PropertySource with lowest search precedence
18:14:03.908 [Test worker] DEBUG org.springframework.core.env.StandardEnvironment - Initialized StandardEnvironment with PropertySources [systemProperties,systemEnvironment]
18:14:03.919 [Test worker] DEBUG org.springframework.core.io.support.PathMatchingResourcePatternResolver - Resolved classpath location [com/example/billing/] to resources [URL [file:/Users/maclab/workspace/apps-cloud-native-evolution-code/applications/billing/build/classes/test/com/example/billing/], URL [file:/Users/maclab/workspace/apps-cloud-native-evolution-code/applications/billing/build/classes/main/com/example/billing/]]
18:14:03.919 [Test worker] DEBUG org.springframework.core.io.support.PathMatchingResourcePatternResolver - Looking for matching resources in directory tree [/Users/maclab/workspace/apps-cloud-native-evolution-code/applications/billing/build/classes/test/com/example/billing]
18:14:03.920 [Test worker] DEBUG org.springframework.core.io.support.PathMatchingResourcePatternResolver - Searching directory [/Users/maclab/workspace/apps-cloud-native-evolution-code/applications/billing/build/classes/test/com/example/billing] for files matching pattern [/Users/maclab/workspace/apps-cloud-native-evolution-code/applications/billing/build/classes/test/com/example/billing/*.class]
18:14:03.924 [Test worker] DEBUG org.springframework.core.io.support.PathMatchingResourcePatternResolver - Looking for matching resources in directory tree [/Users/maclab/workspace/apps-cloud-native-evolution-code/applications/billing/build/classes/main/com/example/billing]
18:14:03.924 [Test worker] DEBUG org.springframework.core.io.support.PathMatchingResourcePatternResolver - Searching directory [/Users/maclab/workspace/apps-cloud-native-evolution-code/applications/billing/build/classes/main/com/example/billing] for files matching pattern [/Users/maclab/workspace/apps-cloud-native-evolution-code/applications/billing/build/classes/main/com/example/billing/*.class]
18:14:03.925 [Test worker] DEBUG org.springframework.core.io.support.PathMatchingResourcePatternResolver - Resolved location pattern [classpath*:com/example/billing/*.class] to resources [file [/Users/maclab/workspace/apps-cloud-native-evolution-code/applications/billing/build/classes/test/com/example/billing/BillingApplicationTests.class], file [/Users/maclab/workspace/apps-cloud-native-evolution-code/applications/billing/build/classes/main/com/example/billing/BillingApplication.class], file [/Users/maclab/workspace/apps-cloud-native-evolution-code/applications/billing/build/classes/main/com/example/billing/BillingController.class]]
18:14:03.976 [Test worker] DEBUG org.springframework.context.annotation.ClassPathScanningCandidateComponentProvider - Identified candidate component class: file [/Users/maclab/workspace/apps-cloud-native-evolution-code/applications/billing/build/classes/main/com/example/billing/BillingApplication.class]
18:14:03.994 [Test worker] INFO org.springframework.boot.test.context.SpringBootTestContextBootstrapper - Found @SpringBootConfiguration com.example.billing.BillingApplication for test class com.example.billing.BillingApplicationTests
18:14:03.999 [Test worker] DEBUG org.springframework.boot.test.context.SpringBootTestContextBootstrapper - @TestExecutionListeners is not present for class [com.example.billing.BillingApplicationTests]: using defaults.
18:14:04.003 [Test worker] INFO org.springframework.boot.test.context.SpringBootTestContextBootstrapper - Loaded default TestExecutionListener class names from location [META-INF/spring.factories]: [org.springframework.boot.test.mock.mockito.MockitoTestExecutionListener, org.springframework.boot.test.mock.mockito.ResetMocksTestExecutionListener, org.springframework.boot.test.autoconfigure.restdocs.RestDocsTestExecutionListener, org.springframework.boot.test.autoconfigure.web.client.MockRestServiceServerResetTestExecutionListener, org.springframework.boot.test.autoconfigure.web.servlet.MockMvcPrintOnlyOnFailureTestExecutionListener, org.springframework.boot.test.autoconfigure.web.servlet.WebDriverTestExecutionListener, org.springframework.test.context.web.ServletTestExecutionListener, org.springframework.test.context.support.DirtiesContextBeforeModesTestExecutionListener, org.springframework.test.context.support.DependencyInjectionTestExecutionListener, org.springframework.test.context.support.DirtiesContextTestExecutionListener, org.springframework.test.context.transaction.TransactionalTestExecutionListener, org.springframework.test.context.jdbc.SqlScriptsTestExecutionListener]
18:14:04.017 [Test worker] INFO org.springframework.boot.test.context.SpringBootTestContextBootstrapper - Could not instantiate TestExecutionListener [org.springframework.test.context.jdbc.SqlScriptsTestExecutionListener]. Specify custom listener classes or make the default listener classes (and their required dependencies) available. Offending class: [org/springframework/transaction/interceptor/TransactionAttribute]
18:14:04.018 [Test worker] INFO org.springframework.boot.test.context.SpringBootTestContextBootstrapper - Could not instantiate TestExecutionListener [org.springframework.test.context.transaction.TransactionalTestExecutionListener]. Specify custom listener classes or make the default listener classes (and their required dependencies) available. Offending class: [org/springframework/transaction/interceptor/TransactionAttributeSource]
18:14:04.019 [Test worker] INFO org.springframework.boot.test.context.SpringBootTestContextBootstrapper - Using TestExecutionListeners: [org.springframework.test.context.web.ServletTestExecutionListener@1245db1a, org.springframework.test.context.support.DirtiesContextBeforeModesTestExecutionListener@308c6dbf, org.springframework.boot.test.autoconfigure.SpringBootDependencyInjectionTestExecutionListener@6f20cfe5, org.springframework.test.context.support.DirtiesContextTestExecutionListener@5ff41b4d, org.springframework.boot.test.autoconfigure.web.servlet.MockMvcPrintOnlyOnFailureTestExecutionListener@63d586a2, org.springframework.boot.test.mock.mockito.MockitoTestExecutionListener@30e7eef2, org.springframework.boot.test.autoconfigure.restdocs.RestDocsTestExecutionListener@595150ec, org.springframework.boot.test.autoconfigure.web.client.MockRestServiceServerResetTestExecutionListener@268016f8, org.springframework.boot.test.autoconfigure.web.servlet.WebDriverTestExecutionListener@692f641c, org.springframework.boot.test.mock.mockito.ResetMocksTestExecutionListener@66b087b5]
18:14:04.022 [Test worker] DEBUG org.springframework.test.annotation.ProfileValueUtils - Retrieved @ProfileValueSourceConfiguration [null] for test class [com.example.billing.BillingApplicationTests]
18:14:04.022 [Test worker] DEBUG org.springframework.test.annotation.ProfileValueUtils - Retrieved ProfileValueSource type [class org.springframework.test.annotation.SystemProfileValueSource] for class [com.example.billing.BillingApplicationTests]
18:14:04.025 [Test worker] DEBUG org.springframework.test.annotation.ProfileValueUtils - Retrieved @ProfileValueSourceConfiguration [null] for test class [com.example.billing.BillingApplicationTests]
18:14:04.025 [Test worker] DEBUG org.springframework.test.annotation.ProfileValueUtils - Retrieved ProfileValueSource type [class org.springframework.test.annotation.SystemProfileValueSource] for class [com.example.billing.BillingApplicationTests]
18:14:04.026 [Test worker] DEBUG org.springframework.test.annotation.ProfileValueUtils - Retrieved @ProfileValueSourceConfiguration [null] for test class [com.example.billing.BillingApplicationTests]
18:14:04.026 [Test worker] DEBUG org.springframework.test.annotation.ProfileValueUtils - Retrieved ProfileValueSource type [class org.springframework.test.annotation.SystemProfileValueSource] for class [com.example.billing.BillingApplicationTests]
]]></system-out>
  <system-err><![CDATA[]]></system-err>
</testsuite>
